<?xml version="1.0" encoding="UTF-8"?>
<!-- Generated by org.testng.reporters.JUnitXMLReporter -->
<testsuite ignored="14" hostname="AMEEN" failures="1" tests="1" name="Surefire test" time="10.909" errors="0" timestamp="2026-03-12T23:32:20 IST">
  <testcase classname="tests.TypesOfBugsPageTest" name="testClickFunctionalCard" time="0.077">
    <failure type="java.lang.AssertionError" message="expected [Workflow failures producing an] but found []">
      <![CDATA[java.lang.AssertionError: expected [Workflow failures producing an] but found []
at tests.TypesOfBugsPageTest.testClickFunctionalCard(TypesOfBugsPageTest.java:160)
at java.base/java.util.ArrayList.forEach(ArrayList.java:1596)
... Removed 36 stack frames]]>
    </failure>
  </testcase> <!-- testClickFunctionalCard -->
  <testcase classname="tests.TypesOfBugsPageTest" name="testPageSubtitle" time="0.0">
    <ignored/>
  </testcase> <!-- testPageSubtitle -->
  <testcase classname="tests.TypesOfBugsPageTest" name="testTabletViewport" time="0.0">
    <ignored/>
  </testcase> <!-- testTabletViewport -->
  <testcase classname="tests.TypesOfBugsPageTest" name="testAllFiveBugCategoryCardsDisplayed" time="0.0">
    <ignored/>
  </testcase> <!-- testAllFiveBugCategoryCardsDisplayed -->
  <testcase classname="tests.TypesOfBugsPageTest" name="testTypesOfBugsNavIsActive" time="0.0">
    <ignored/>
  </testcase> <!-- testTypesOfBugsNavIsActive -->
  <testcase classname="tests.TypesOfBugsPageTest" name="testPrivacyPolicyLink" time="0.0">
    <ignored/>
  </testcase> <!-- testPrivacyPolicyLink -->
  <testcase classname="tests.TypesOfBugsPageTest" name="testPageTitle" time="0.0">
    <ignored/>
  </testcase> <!-- testPageTitle -->
  <testcase classname="tests.TypesOfBugsPageTest" name="testVisualCard" time="0.0">
    <ignored/>
  </testcase> <!-- testVisualCard -->
  <testcase classname="tests.TypesOfBugsPageTest" name="testFunctionalCard" time="0.0">
    <ignored/>
  </testcase> <!-- testFunctionalCard -->
  <testcase classname="tests.TypesOfBugsPageTest" name="testPageLoadsSuccessfully" time="0.0">
    <ignored/>
  </testcase> <!-- testPageLoadsSuccessfully -->
  <testcase classname="tests.TypesOfBugsPageTest" name="testMobileViewport" time="0.0">
    <ignored/>
  </testcase> <!-- testMobileViewport -->
  <testcase classname="tests.TypesOfBugsPageTest" name="testContentCard" time="0.0">
    <ignored/>
  </testcase> <!-- testContentCard -->
  <testcase classname="tests.TypesOfBugsPageTest" name="testTermsAndConditionsLink" time="0.0">
    <ignored/>
  </testcase> <!-- testTermsAndConditionsLink -->
  <testcase classname="tests.TypesOfBugsPageTest" name="testPerformanceCard" time="0.0">
    <ignored/>
  </testcase> <!-- testPerformanceCard -->
  <testcase classname="tests.TypesOfBugsPageTest" name="testCrashCard" time="0.0">
    <ignored/>
  </testcase> <!-- testCrashCard -->
</testsuite> <!-- Surefire test -->
