<?xml version="1.0" encoding="UTF-8"?>
<!-- Generated by org.testng.reporters.JUnitXMLReporter -->
<testsuite ignored="24" hostname="AMEEN" failures="0" tests="1" name="Default test" time="16.065" errors="0" timestamp="2026-03-15T17:47:40 IST">
  <testcase classname="tests.FindBugsPageTest" name="testView50ShowsAllProducts" time="0.072"/>
  <testcase classname="tests.FindBugsPageTest" name="testDefaultSortOptionSelected" time="0.0">
    <ignored/>
  </testcase> <!-- testDefaultSortOptionSelected -->
  <testcase classname="tests.FindBugsPageTest" name="testCheckoutNavigation" time="0.0">
    <ignored/>
  </testcase> <!-- testCheckoutNavigation -->
  <testcase classname="tests.FindBugsPageTest" name="testSortPriceLowToHigh" time="0.0">
    <ignored/>
  </testcase> <!-- testSortPriceLowToHigh -->
  <testcase classname="tests.FindBugsPageTest" name="testAddToCartDarkGreyJeans" time="0.0">
    <ignored/>
  </testcase> <!-- testAddToCartDarkGreyJeans -->
  <testcase classname="tests.FindBugsPageTest" name="testClickProductOpensDetailPage" time="0.0">
    <ignored/>
  </testcase> <!-- testClickProductOpensDetailPage -->
  <testcase classname="tests.FindBugsPageTest" name="testView25ShowsAllProducts" time="0.0">
    <ignored/>
  </testcase> <!-- testView25ShowsAllProducts -->
  <testcase classname="tests.FindBugsPageTest" name="testSelectOptionsFallCoat" time="0.0">
    <ignored/>
  </testcase> <!-- testSelectOptionsFallCoat -->
  <testcase classname="tests.FindBugsPageTest" name="testDarkBlueDenimJeansLoginPricing" time="0.0">
    <ignored/>
  </testcase> <!-- testDarkBlueDenimJeansLoginPricing -->
  <testcase classname="tests.FindBugsPageTest" name="testProductDetailPriceMatchesListing" time="0.0">
    <ignored/>
  </testcase> <!-- testProductDetailPriceMatchesListing -->
  <testcase classname="tests.FindBugsPageTest" name="testPageLoadsSuccessfully" time="0.0">
    <ignored/>
  </testcase> <!-- testPageLoadsSuccessfully -->
  <testcase classname="tests.FindBugsPageTest" name="testCheckoutNowNavigation" time="0.0">
    <ignored/>
  </testcase> <!-- testCheckoutNowNavigation -->
  <testcase classname="tests.FindBugsPageTest" name="testTabletViewport" time="0.0">
    <ignored/>
  </testcase> <!-- testTabletViewport -->
  <testcase classname="tests.FindBugsPageTest" name="testSortTitleAToZ" time="0.0">
    <ignored/>
  </testcase> <!-- testSortTitleAToZ -->
  <testcase classname="tests.FindBugsPageTest" name="testSortPriceHighToLow" time="0.0">
    <ignored/>
  </testcase> <!-- testSortPriceHighToLow -->
  <testcase classname="tests.FindBugsPageTest" name="testAllProductsHavePrice" time="0.0">
    <ignored/>
  </testcase> <!-- testAllProductsHavePrice -->
  <testcase classname="tests.FindBugsPageTest" name="testMobileViewport" time="0.0">
    <ignored/>
  </testcase> <!-- testMobileViewport -->
  <testcase classname="tests.FindBugsPageTest" name="testEighteenProductsDisplayed" time="0.0">
    <ignored/>
  </testcase> <!-- testEighteenProductsDisplayed -->
  <testcase classname="tests.FindBugsPageTest" name="testDenimCoatImageDomain" time="0.0">
    <ignored/>
  </testcase> <!-- testDenimCoatImageDomain -->
  <testcase classname="tests.FindBugsPageTest" name="testResultsCountLabel" time="0.0">
    <ignored/>
  </testcase> <!-- testResultsCountLabel -->
  <testcase classname="tests.FindBugsPageTest" name="testAllProductImagesLoad" time="0.0">
    <ignored/>
  </testcase> <!-- testAllProductImagesLoad -->
  <testcase classname="tests.FindBugsPageTest" name="testPageSubtitle" time="0.0">
    <ignored/>
  </testcase> <!-- testPageSubtitle -->
  <testcase classname="tests.FindBugsPageTest" name="testBlueHoodieSalePrice" time="0.0">
    <ignored/>
  </testcase> <!-- testBlueHoodieSalePrice -->
  <testcase classname="tests.FindBugsPageTest" name="testView10LimitsProducts" time="0.0">
    <ignored/>
  </testcase> <!-- testView10LimitsProducts -->
  <testcase classname="tests.FindBugsPageTest" name="testAddToCartDnkYellowShoes" time="0.0">
    <ignored/>
  </testcase> <!-- testAddToCartDnkYellowShoes -->
</testsuite> <!-- Default test -->
