<?xml version="1.0" encoding="UTF-8"?>
<!-- Generated by org.testng.reporters.JUnitXMLReporter -->
<testsuite ignored="0" hostname="AMEEN" failures="1" tests="23" name="Default test" time="145.178" errors="0" timestamp="2026-03-22T22:59:01 IST">
  <testcase classname="tests.ReportBugsPageTest" name="testPageLoadsSuccessfully" time="0.033"/>
  <testcase classname="tests.ReportBugsPageTest" name="testPageTitle" time="0.013"/>
  <testcase classname="tests.ReportBugsPageTest" name="testPageSubtitleText" time="0.048"/>
  <testcase classname="tests.ReportBugsPageTest" name="testReportBugsNavIsActive" time="0.007"/>
  <testcase classname="tests.ReportBugsPageTest" name="testProgressTrackerVisible" time="0.036"/>
  <testcase classname="tests.ReportBugsPageTest" name="testOnlyBug1AccessibleOnLoad" time="0.078"/>
  <testcase classname="tests.ReportBugsPageTest" name="testImportantNoteDisplayed" time="0.046"/>
  <testcase classname="tests.ReportBugsPageTest" name="testBug1InstructionsDisplayed" time="0.027"/>
  <testcase classname="tests.ReportBugsPageTest" name="testBug1IssueTitleDropdownOptions" time="0.088"/>
  <testcase classname="tests.ReportBugsPageTest" name="testBug1IssueTypeDropdownOptions" time="0.262"/>
  <testcase classname="tests.ReportBugsPageTest" name="testBug1FrequencyOptions" time="0.136"/>
  <testcase classname="tests.ReportBugsPageTest" name="testBug1PriorityOptions" time="0.098"/>
  <testcase classname="tests.ReportBugsPageTest" name="testBug1ActionPerformedSectionPresent" time="0.027"/>
  <testcase classname="tests.ReportBugsPageTest" name="testBug1ExpectedResultOptions" time="0.052"/>
  <testcase classname="tests.ReportBugsPageTest" name="testBug1ActualResultOptions" time="0.055"/>
  <testcase classname="tests.ReportBugsPageTest" name="testBug1ErrorMessageOptions" time="0.055"/>
  <testcase classname="tests.ReportBugsPageTest" name="testBug1AttachmentsSectionPresent" time="0.082"/>
  <testcase classname="tests.ReportBugsPageTest" name="testBug1SubmitButtonPresent" time="0.032"/>
  <testcase classname="tests.ReportBugsPageTest" name="testBug1FullReportFlow" time="14.47"/>
  <testcase classname="tests.ReportBugsPageTest" name="testBug1EmptyFieldValidation" time="0.091"/>
  <testcase classname="tests.ReportBugsPageTest" name="testBug1WrongTitleFails" time="0.648">
    <failure type="java.lang.AssertionError" message="Form should NOT pass with an incorrect Issue Title expected [false] but found [true]">
      <![CDATA[java.lang.AssertionError: Form should NOT pass with an incorrect Issue Title expected [false] but found [true]
at org.testng.Assert.fail(Assert.java:111)
at org.testng.Assert.failNotEquals(Assert.java:1590)
at org.testng.Assert.assertFalse(Assert.java:79)
at tests.ReportBugsPageTest.testBug1WrongTitleFails(ReportBugsPageTest.java:246)
at java.base/jdk.internal.reflect.DirectMethodHandleAccessor.invoke(DirectMethodHandleAccessor.java:103)
at java.base/java.lang.reflect.Method.invoke(Method.java:580)
at org.testng.internal.invokers.MethodInvocationHelper.invokeMethod(MethodInvocationHelper.java:141)
at org.testng.internal.invokers.TestInvoker.invokeMethod(TestInvoker.java:697)
at org.testng.internal.invokers.TestInvoker.invokeTestMethod(TestInvoker.java:230)
at org.testng.internal.invokers.MethodRunner.runInSequence(MethodRunner.java:63)
at org.testng.internal.invokers.TestInvoker$MethodInvocationAgent.invoke(TestInvoker.java:1005)
at org.testng.internal.invokers.TestInvoker.invokeTestMethods(TestInvoker.java:203)
at org.testng.internal.invokers.TestMethodWorker.invokeTestMethods(TestMethodWorker.java:154)
at org.testng.internal.invokers.TestMethodWorker.run(TestMethodWorker.java:134)
at java.base/java.util.ArrayList.forEach(ArrayList.java:1596)
at org.testng.TestRunner.privateRun(TestRunner.java:744)
at org.testng.TestRunner.run(TestRunner.java:616)
at org.testng.SuiteRunner.runTest(SuiteRunner.java:421)
at org.testng.SuiteRunner.runSequentially(SuiteRunner.java:413)
at org.testng.SuiteRunner.privateRun(SuiteRunner.java:373)
at org.testng.SuiteRunner.run(SuiteRunner.java:312)
at org.testng.SuiteRunnerWorker.runSuite(SuiteRunnerWorker.java:52)
at org.testng.SuiteRunnerWorker.run(SuiteRunnerWorker.java:95)
at org.testng.TestNG.runSuitesSequentially(TestNG.java:1274)
at org.testng.TestNG.runSuitesLocally(TestNG.java:1208)
at org.testng.TestNG.runSuites(TestNG.java:1112)
at org.testng.TestNG.run(TestNG.java:1079)
at org.testng.remote.AbstractRemoteTestNG.run(AbstractRemoteTestNG.java:115)
at org.testng.remote.RemoteTestNG.initAndRun(RemoteTestNG.java:293)
at org.testng.remote.RemoteTestNG.main(RemoteTestNG.java:91)
]]>
    </failure>
  </testcase> <!-- testBug1WrongTitleFails -->
  <testcase classname="tests.ReportBugsPageTest" name="testMobileViewport" time="0.444"/>
  <testcase classname="tests.ReportBugsPageTest" name="testTabletViewport" time="0.444"/>
</testsuite> <!-- Default test -->
