<?xml version="1.0" encoding="UTF-8"?>
<!-- Generated by org.testng.reporters.JUnitXMLReporter -->
<testsuite ignored="0" hostname="AMEEN" failures="1" tests="7" name="Default test" time="46.272" errors="0" timestamp="2026-03-08T17:11:01 IST">
  <testcase classname="tests.ExampleOfBugsPageTest" name="handleCookiePopup" time="0.061"/>
  <testcase classname="tests.ExampleOfBugsPageTest" name="testSocialShareTile" time="3.157"/>
  <testcase classname="tests.ExampleOfBugsPageTest" name="testSendButtonTile" time="3.134"/>
  <testcase classname="tests.ExampleOfBugsPageTest" name="testVideoPlayerTile" time="3.128"/>
  <testcase classname="tests.ExampleOfBugsPageTest" name="testArticlesErrorTile" time="3.133"/>
  <testcase classname="tests.ExampleOfBugsPageTest" name="testSearchErrorTile" time="3.137"/>
  <testcase classname="tests.ExampleOfBugsPageTest" name="testBookingTile" time="1.085">
    <failure type="org.openqa.selenium.ElementClickInterceptedException" message="element click intercepted: Element &amp;lt;div class=&amp;quot;example-tile-div-text&amp;quot;&amp;gt;...&amp;lt;/div&amp;gt; is not clickable at point (1182, 579). Other element would receive the click: &amp;lt;div id=&amp;quot;cc-window&amp;quot; data-nosnippet=&amp;quot;true&amp;quot; role=&amp;quot;dialog&amp;quot; aria-live=&amp;quot;polite&amp;quot; aria-label=&amp;quot;cookieconsent&amp;quot; aria-describedby=&amp;quot;cookieconsent:desc&amp;quot; class=&amp;quot;cc-window cc-floating cc-type-opt-in cc-theme-minimal cc-bottom cc-right cc-color-override--123706181  cmplz-categories-no&amp;quot; style=&amp;quot;&amp;quot;&amp;gt;...&amp;lt;/div&amp;gt;
  (Session info: chrome=145.0.7632.160)
Build info: version: &amp;apos;4.41.0&amp;apos;, revision: &amp;apos;9fc754f&amp;apos;
System info: os.name: &amp;apos;Windows 11&amp;apos;, os.arch: &amp;apos;amd64&amp;apos;, os.version: &amp;apos;10.0&amp;apos;, java.version: &amp;apos;21.0.9&amp;apos;
Driver info: org.openqa.selenium.chrome.ChromeDriver
Command: [8930f3477a2b4fac7765092f7304f2a6, clickElement {id=f.FED77024C36F32E7811B86DE4F6F6E88.d.626B84846F6D9DC1B6061C1A3686EF31.e.23}]
Capabilities {acceptInsecureCerts: false, browserName: chrome, browserVersion: 145.0.7632.160, chrome: {chromedriverVersion: 145.0.7632.117 (de4e5d6e13b..., userDataDir: C:\Users\ameen\AppData\Loca...}, fedcm:accounts: true, goog:chromeOptions: {debuggerAddress: localhost:53396}, goog:processID: 17596, networkConnectionEnabled: false, pageLoadStrategy: normal, platformName: windows, proxy: Proxy(), se:cdp: ws://localhost:53396/devtoo..., se:cdpVersion: 145.0.7632.160, setWindowRect: true, strictFileInteractability: false, timeouts: {implicit: 0, pageLoad: 300000, script: 30000}, unhandledPromptBehavior: dismiss and notify, webauthn:extension:credBlob: true, webauthn:extension:largeBlob: true, webauthn:extension:minPinLength: true, webauthn:extension:prf: true, webauthn:virtualAuthenticators: true}
Element: [[ChromeDriver: chrome on windows (8930f3477a2b4fac7765092f7304f2a6)] -&amp;gt; xpath: (//div[@class=&amp;apos;example-tile-div-text&amp;apos;])[6]]
Session ID: 8930f3477a2b4fac7765092f7304f2a6">
      <![CDATA[org.openqa.selenium.ElementClickInterceptedException: element click intercepted: Element <div class="example-tile-div-text">...</div> is not clickable at point (1182, 579). Other element would receive the click: <div id="cc-window" data-nosnippet="true" role="dialog" aria-live="polite" aria-label="cookieconsent" aria-describedby="cookieconsent:desc" class="cc-window cc-floating cc-type-opt-in cc-theme-minimal cc-bottom cc-right cc-color-override--123706181  cmplz-categories-no" style="">...</div>
  (Session info: chrome=145.0.7632.160)
Build info: version: '4.41.0', revision: '9fc754f'
System info: os.name: 'Windows 11', os.arch: 'amd64', os.version: '10.0', java.version: '21.0.9'
Driver info: org.openqa.selenium.chrome.ChromeDriver
Command: [8930f3477a2b4fac7765092f7304f2a6, clickElement {id=f.FED77024C36F32E7811B86DE4F6F6E88.d.626B84846F6D9DC1B6061C1A3686EF31.e.23}]
Capabilities {acceptInsecureCerts: false, browserName: chrome, browserVersion: 145.0.7632.160, chrome: {chromedriverVersion: 145.0.7632.117 (de4e5d6e13b..., userDataDir: C:\Users\ameen\AppData\Loca...}, fedcm:accounts: true, goog:chromeOptions: {debuggerAddress: localhost:53396}, goog:processID: 17596, networkConnectionEnabled: false, pageLoadStrategy: normal, platformName: windows, proxy: Proxy(), se:cdp: ws://localhost:53396/devtoo..., se:cdpVersion: 145.0.7632.160, setWindowRect: true, strictFileInteractability: false, timeouts: {implicit: 0, pageLoad: 300000, script: 30000}, unhandledPromptBehavior: dismiss and notify, webauthn:extension:credBlob: true, webauthn:extension:largeBlob: true, webauthn:extension:minPinLength: true, webauthn:extension:prf: true, webauthn:virtualAuthenticators: true}
Element: [[ChromeDriver: chrome on windows (8930f3477a2b4fac7765092f7304f2a6)] -> xpath: (//div[@class='example-tile-div-text'])[6]]
Session ID: 8930f3477a2b4fac7765092f7304f2a6
at org.openqa.selenium.remote.ErrorCodec.decode(ErrorCodec.java:169)
at org.openqa.selenium.remote.codec.w3c.W3CHttpResponseCodec.decode(W3CHttpResponseCodec.java:142)
at org.openqa.selenium.remote.codec.w3c.W3CHttpResponseCodec.decode(W3CHttpResponseCodec.java:49)
at org.openqa.selenium.remote.HttpCommandExecutor.execute(HttpCommandExecutor.java:223)
at org.openqa.selenium.remote.service.DriverCommandExecutor.invokeExecute(DriverCommandExecutor.java:216)
at org.openqa.selenium.remote.service.DriverCommandExecutor.execute(DriverCommandExecutor.java:174)
at org.openqa.selenium.remote.RemoteWebDriver.execute(RemoteWebDriver.java:604)
at org.openqa.selenium.remote.RemoteWebElement.execute(RemoteWebElement.java:223)
at org.openqa.selenium.remote.RemoteWebElement.click(RemoteWebElement.java:76)
at pages.ExampleOfBugsPage.clickBookingTile(ExampleOfBugsPage.java:46)
at tests.ExampleOfBugsPageTest.testBookingTile(ExampleOfBugsPageTest.java:83)
at java.base/jdk.internal.reflect.DirectMethodHandleAccessor.invoke(DirectMethodHandleAccessor.java:103)
at java.base/java.lang.reflect.Method.invoke(Method.java:580)
at org.testng.internal.invokers.MethodInvocationHelper.invokeMethod(MethodInvocationHelper.java:141)
at org.testng.internal.invokers.TestInvoker.invokeMethod(TestInvoker.java:697)
at org.testng.internal.invokers.TestInvoker.invokeTestMethod(TestInvoker.java:230)
at org.testng.internal.invokers.MethodRunner.runInSequence(MethodRunner.java:63)
at org.testng.internal.invokers.TestInvoker$MethodInvocationAgent.invoke(TestInvoker.java:1005)
at org.testng.internal.invokers.TestInvoker.invokeTestMethods(TestInvoker.java:203)
at org.testng.internal.invokers.TestMethodWorker.invokeTestMethods(TestMethodWorker.java:154)
at org.testng.internal.invokers.TestMethodWorker.run(TestMethodWorker.java:134)
at java.base/java.util.ArrayList.forEach(ArrayList.java:1596)
at org.testng.TestRunner.privateRun(TestRunner.java:744)
at org.testng.TestRunner.run(TestRunner.java:616)
at org.testng.SuiteRunner.runTest(SuiteRunner.java:421)
at org.testng.SuiteRunner.runSequentially(SuiteRunner.java:413)
at org.testng.SuiteRunner.privateRun(SuiteRunner.java:373)
at org.testng.SuiteRunner.run(SuiteRunner.java:312)
at org.testng.SuiteRunnerWorker.runSuite(SuiteRunnerWorker.java:52)
at org.testng.SuiteRunnerWorker.run(SuiteRunnerWorker.java:95)
at org.testng.TestNG.runSuitesSequentially(TestNG.java:1274)
at org.testng.TestNG.runSuitesLocally(TestNG.java:1208)
at org.testng.TestNG.runSuites(TestNG.java:1112)
at org.testng.TestNG.run(TestNG.java:1079)
at org.testng.remote.AbstractRemoteTestNG.run(AbstractRemoteTestNG.java:115)
at org.testng.remote.RemoteTestNG.initAndRun(RemoteTestNG.java:293)
at org.testng.remote.RemoteTestNG.main(RemoteTestNG.java:91)
]]>
    </failure>
  </testcase> <!-- testBookingTile -->
</testsuite> <!-- Default test -->
