<?xml version="1.0" encoding="UTF-8"?>
<!-- Generated by org.testng.reporters.JUnitXMLReporter -->
<testsuite ignored="0" hostname="AMEEN" failures="1" tests="26" name="Default test" time="169.908" errors="0" timestamp="2026-03-17T23:04:57 IST">
  <testcase classname="tests.FindBugsPageTest" name="testPageLoadsSuccessfully" time="0.03"/>
  <testcase classname="tests.FindBugsPageTest" name="testPageSubtitle" time="0.016"/>
  <testcase classname="tests.FindBugsPageTest" name="testEighteenProductsDisplayed" time="0.011"/>
  <testcase classname="tests.FindBugsPageTest" name="testResultsCountLabel" time="0.014"/>
  <testcase classname="tests.FindBugsPageTest" name="testAllProductImagesLoad" time="0.07"/>
  <testcase classname="tests.FindBugsPageTest" name="testDenimCoatImageDomain" time="0.015"/>
  <testcase classname="tests.FindBugsPageTest" name="testAllProductsHavePrice" time="0.022"/>
  <testcase classname="tests.FindBugsPageTest" name="testDarkBlueDenimJeansLoginPricing" time="0.022"/>
  <testcase classname="tests.FindBugsPageTest" name="testBlueHoodieSalePrice" time="0.063"/>
  <testcase classname="tests.FindBugsPageTest" name="testAddToCartDnkYellowShoes" time="0.085"/>
  <testcase classname="tests.FindBugsPageTest" name="testAddToCartDarkGreyJeans" time="0.068"/>
  <testcase classname="tests.FindBugsPageTest" name="testCheckoutNowNavigation" time="3.668"/>
  <testcase classname="tests.FindBugsPageTest" name="testSelectOptionsFallCoat" time="2.571"/>
  <testcase classname="tests.FindBugsPageTest" name="testDefaultSortOptionSelected" time="0.018"/>
  <testcase classname="tests.FindBugsPageTest" name="testSortPriceLowToHigh" time="1.508"/>
  <testcase classname="tests.FindBugsPageTest" name="testSortPriceHighToLow" time="2.139"/>
  <testcase classname="tests.FindBugsPageTest" name="testSortTitleAToZ" time="2.241"/>
  <testcase classname="tests.FindBugsPageTest" name="testView10LimitsProducts" time="0.073">
    <failure type="java.lang.AssertionError" message="Product count should be 10 or fewer. Actual: 18 expected [true] but found [false]">
      <![CDATA[java.lang.AssertionError: Product count should be 10 or fewer. Actual: 18 expected [true] but found [false]
at org.testng.Assert.fail(Assert.java:111)
at org.testng.Assert.failNotEquals(Assert.java:1590)
at org.testng.Assert.assertTrue(Assert.java:57)
at tests.FindBugsPageTest.testView10LimitsProducts(FindBugsPageTest.java:174)
at java.base/jdk.internal.reflect.DirectMethodHandleAccessor.invoke(DirectMethodHandleAccessor.java:103)
at java.base/java.lang.reflect.Method.invoke(Method.java:580)
at org.testng.internal.invokers.MethodInvocationHelper.invokeMethod(MethodInvocationHelper.java:141)
at org.testng.internal.invokers.TestInvoker.invokeMethod(TestInvoker.java:697)
at org.testng.internal.invokers.TestInvoker.invokeTestMethod(TestInvoker.java:230)
at org.testng.internal.invokers.MethodRunner.runInSequence(MethodRunner.java:63)
at org.testng.internal.invokers.TestInvoker$MethodInvocationAgent.invoke(TestInvoker.java:1005)
at org.testng.internal.invokers.TestInvoker.invokeTestMethods(TestInvoker.java:203)
at org.testng.internal.invokers.TestMethodWorker.invokeTestMethods(TestMethodWorker.java:154)
at org.testng.internal.invokers.TestMethodWorker.run(TestMethodWorker.java:134)
at java.base/java.util.ArrayList.forEach(ArrayList.java:1596)
at org.testng.TestRunner.privateRun(TestRunner.java:744)
at org.testng.TestRunner.run(TestRunner.java:616)
at org.testng.SuiteRunner.runTest(SuiteRunner.java:421)
at org.testng.SuiteRunner.runSequentially(SuiteRunner.java:413)
at org.testng.SuiteRunner.privateRun(SuiteRunner.java:373)
at org.testng.SuiteRunner.run(SuiteRunner.java:312)
at org.testng.SuiteRunnerWorker.runSuite(SuiteRunnerWorker.java:52)
at org.testng.SuiteRunnerWorker.run(SuiteRunnerWorker.java:95)
at org.testng.TestNG.runSuitesSequentially(TestNG.java:1274)
at org.testng.TestNG.runSuitesLocally(TestNG.java:1208)
at org.testng.TestNG.runSuites(TestNG.java:1112)
at org.testng.TestNG.run(TestNG.java:1079)
at org.testng.remote.AbstractRemoteTestNG.run(AbstractRemoteTestNG.java:115)
at org.testng.remote.RemoteTestNG.initAndRun(RemoteTestNG.java:293)
at org.testng.remote.RemoteTestNG.main(RemoteTestNG.java:91)
]]>
    </failure>
  </testcase> <!-- testView10LimitsProducts -->
  <testcase classname="tests.FindBugsPageTest" name="testView25ShowsAllProducts" time="0.053"/>
  <testcase classname="tests.FindBugsPageTest" name="testView50ShowsAllProducts" time="0.053"/>
  <testcase classname="tests.FindBugsPageTest" name="testClickProductOpensDetailPage" time="1.869"/>
  <testcase classname="tests.FindBugsPageTest" name="testProductDetailPriceMatchesListing" time="1.832"/>
  <testcase classname="tests.FindBugsPageTest" name="testLoginFromCart" time="2.725"/>
  <testcase classname="tests.FindBugsPageTest" name="testMobileViewport" time="0.448"/>
  <testcase classname="tests.FindBugsPageTest" name="testTabletViewport" time="0.432"/>
  <testcase classname="tests.FindBugsPageTest" name="testCheckoutNavigation" time="7.388"/>
</testsuite> <!-- Default test -->
