<?xml version="1.0" encoding="UTF-8"?>
<!-- Generated by org.testng.reporters.JUnitXMLReporter -->
<testsuite ignored="0" hostname="AMEEN" failures="1" tests="2" name="Test" time="11.204" errors="0" timestamp="2026-03-03T21:28:41 IST">
  <testcase classname="tests.HeaderTest" name="verifyExamplesNavigation" time="0.235"/>
  <testcase classname="tests.HeaderTest" name="verifyTypesOfBugsNavigation" time="1.213">
    <failure type="java.lang.AssertionError" message="Navigation to Types of Bugs page failed expected [true] but found [false]">
      <![CDATA[java.lang.AssertionError: Navigation to Types of Bugs page failed expected [true] but found [false]
at tests.HeaderTest.verifyTypesOfBugsNavigation(HeaderTest.java:37)
at java.base/java.util.ArrayList.forEach(ArrayList.java:1596)
... Removed 28 stack frames]]>
    </failure>
  </testcase> <!-- verifyTypesOfBugsNavigation -->
</testsuite> <!-- Test -->
