<?xml version="1.0" encoding="UTF-8"?>
<!-- Generated by org.testng.reporters.JUnitXMLReporter -->
<testsuite ignored="0" hostname="AMEEN" failures="2" tests="55" name="Test" time="367.719" errors="0" timestamp="2026-03-22T10:27:26 IST">
  <testcase classname="tests.HeaderPageTest" name="testAcademyBugsLink" time="0.251"/>
  <testcase classname="tests.HeaderPageTest" name="testExamplesOfBugsLink" time="0.141"/>
  <testcase classname="tests.HeaderPageTest" name="testFindBugsLink" time="11.567"/>
  <testcase classname="tests.HeaderPageTest" name="testHelpIconVisibilityAndClick" time="5.644"/>
  <testcase classname="tests.HeaderPageTest" name="testReportBugsLink" time="6.982"/>
  <testcase classname="tests.HeaderPageTest" name="testTypesOfBugsLink" time="1.465"/>
  <testcase classname="tests.ExampleOfBugsPageTest" name="testSocialShareTile" time="0.582"/>
  <testcase classname="tests.ExampleOfBugsPageTest" name="testSendButtonTile" time="0.594"/>
  <testcase classname="tests.ExampleOfBugsPageTest" name="testVideoPlayerTile" time="0.595"/>
  <testcase classname="tests.ExampleOfBugsPageTest" name="testArticlesErrorTile" time="0.597"/>
  <testcase classname="tests.ExampleOfBugsPageTest" name="testSearchErrorTile" time="0.58"/>
  <testcase classname="tests.ExampleOfBugsPageTest" name="testBookingTile" time="0.582"/>
  <testcase classname="tests.TypesOfBugsPageTest" name="testPageLoadsSuccessfully" time="0.016"/>
  <testcase classname="tests.TypesOfBugsPageTest" name="testPageTitle" time="0.006"/>
  <testcase classname="tests.TypesOfBugsPageTest" name="testPageSubtitle" time="0.011"/>
  <testcase classname="tests.TypesOfBugsPageTest" name="testTypesOfBugsNavIsActive" time="0.004"/>
  <testcase classname="tests.TypesOfBugsPageTest" name="testAllFiveBugCategoryCardsDisplayed" time="0.058"/>
  <testcase classname="tests.TypesOfBugsPageTest" name="testFunctionalCard" time="0.033"/>
  <testcase classname="tests.TypesOfBugsPageTest" name="testVisualCard" time="0.037"/>
  <testcase classname="tests.TypesOfBugsPageTest" name="testContentCard" time="0.039"/>
  <testcase classname="tests.TypesOfBugsPageTest" name="testPerformanceCard" time="0.031"/>
  <testcase classname="tests.TypesOfBugsPageTest" name="testCrashCard" time="0.034"/>
  <testcase classname="tests.TypesOfBugsPageTest" name="testTermsAndConditionsLink" time="3.53"/>
  <testcase classname="tests.TypesOfBugsPageTest" name="testPrivacyPolicyLink" time="1.386"/>
  <testcase classname="tests.TypesOfBugsPageTest" name="testMobileViewport" time="0.428"/>
  <testcase classname="tests.TypesOfBugsPageTest" name="testTabletViewport" time="0.414"/>
  <testcase classname="tests.TypesOfBugsPageTest" name="clickFunctionalCard" time="1.108"/>
  <testcase classname="tests.TypesOfBugsPageTest" name="testFunctionalCardWindowHandling" time="2.942"/>
  <testcase classname="tests.TypesOfBugsPageTest" name="testVisualCardWindowHandling" time="11.808">
    <failure type="org.openqa.selenium.TimeoutException" message="Expected condition failed: waiting for visibility of element found by By.xpath: (//h5[normalize-space()=&amp;apos;Articles&amp;apos;])[1], but... org.openqa.selenium.NoSuchElementException: no such element: Unable to locate element: {&amp;quot;method&amp;quot;:&amp;quot;xpath&amp;quot;,&amp;quot;selector&amp;quot;:&amp;quot;(//h5[normalize-space()=&amp;apos;Articles&amp;apos;])[1]&amp;quot;}.
(tried for 10 seconds with 500 milliseconds interval)
Build info: version: &amp;apos;4.41.0&amp;apos;, revision: &amp;apos;9fc754f&amp;apos;
System info: os.name: &amp;apos;Windows 11&amp;apos;, os.arch: &amp;apos;amd64&amp;apos;, os.version: &amp;apos;10.0&amp;apos;, java.version: &amp;apos;21.0.9&amp;apos;
Driver info: org.openqa.selenium.chrome.ChromeDriver
Capabilities {acceptInsecureCerts: false, browserName: chrome, browserVersion: 146.0.7680.80, chrome: {chromedriverVersion: 146.0.7680.153 (85fd829a1b2..., userDataDir: C:\Users\ameen\AppData\Loca...}, fedcm:accounts: true, goog:chromeOptions: {debuggerAddress: localhost:52823}, goog:processID: 23528, networkConnectionEnabled: false, pageLoadStrategy: normal, platformName: windows, proxy: Proxy(), se:cdp: ws://localhost:52823/devtoo..., se:cdpVersion: 146.0.7680.80, setWindowRect: true, strictFileInteractability: false, timeouts: {implicit: 0, pageLoad: 300000, script: 30000}, unhandledPromptBehavior: dismiss and notify, webauthn:extension:credBlob: true, webauthn:extension:largeBlob: true, webauthn:extension:minPinLength: true, webauthn:extension:prf: true, webauthn:virtualAuthenticators: true}
Session ID: f64658a3ab200e348aecc79207157f57">
      <![CDATA[org.openqa.selenium.TimeoutException: Expected condition failed: waiting for visibility of element found by By.xpath: (//h5[normalize-space()='Articles'])[1], but... org.openqa.selenium.NoSuchElementException: no such element: Unable to locate element: {"method":"xpath","selector":"(//h5[normalize-space()='Articles'])[1]"}.
(tried for 10 seconds with 500 milliseconds interval)
Build info: version: '4.41.0', revision: '9fc754f'
System info: os.name: 'Windows 11', os.arch: 'amd64', os.version: '10.0', java.version: '21.0.9'
Driver info: org.openqa.selenium.chrome.ChromeDriver
Capabilities {acceptInsecureCerts: false, browserName: chrome, browserVersion: 146.0.7680.80, chrome: {chromedriverVersion: 146.0.7680.153 (85fd829a1b2..., userDataDir: C:\Users\ameen\AppData\Loca...}, fedcm:accounts: true, goog:chromeOptions: {debuggerAddress: localhost:52823}, goog:processID: 23528, networkConnectionEnabled: false, pageLoadStrategy: normal, platformName: windows, proxy: Proxy(), se:cdp: ws://localhost:52823/devtoo..., se:cdpVersion: 146.0.7680.80, setWindowRect: true, strictFileInteractability: false, timeouts: {implicit: 0, pageLoad: 300000, script: 30000}, unhandledPromptBehavior: dismiss and notify, webauthn:extension:credBlob: true, webauthn:extension:largeBlob: true, webauthn:extension:minPinLength: true, webauthn:extension:prf: true, webauthn:virtualAuthenticators: true}
Session ID: f64658a3ab200e348aecc79207157f57
at org.openqa.selenium.support.ui.WebDriverWait.timeoutException(WebDriverWait.java:85)
at org.openqa.selenium.support.ui.FluentWait.until(FluentWait.java:233)
at pages.TypesOfBugsPage.isArticlesHeadingDisplayed(TypesOfBugsPage.java:230)
at tests.TypesOfBugsPageTest.testVisualCardWindowHandling(TypesOfBugsPageTest.java:194)
at java.base/java.util.ArrayList.forEach(ArrayList.java:1596)
... Removed 25 stack frames]]>
    </failure>
  </testcase> <!-- testVisualCardWindowHandling -->
  <testcase classname="tests.FindBugsPageTest" name="testPageLoadsSuccessfully" time="0.019"/>
  <testcase classname="tests.FindBugsPageTest" name="testPageSubtitle" time="0.013"/>
  <testcase classname="tests.FindBugsPageTest" name="testEighteenProductsDisplayed" time="0.009"/>
  <testcase classname="tests.FindBugsPageTest" name="testResultsCountLabel" time="0.011"/>
  <testcase classname="tests.FindBugsPageTest" name="testAllProductImagesLoad" time="0.035"/>
  <testcase classname="tests.FindBugsPageTest" name="testDenimCoatImageDomain" time="0.016"/>
  <testcase classname="tests.FindBugsPageTest" name="testAllProductsHavePrice" time="0.017"/>
  <testcase classname="tests.FindBugsPageTest" name="testDarkBlueDenimJeansLoginPricing" time="0.017"/>
  <testcase classname="tests.FindBugsPageTest" name="testBlueHoodieSalePrice" time="0.059"/>
  <testcase classname="tests.FindBugsPageTest" name="testAddToCartDnkYellowShoes" time="0.069"/>
  <testcase classname="tests.FindBugsPageTest" name="testAddToCartDarkGreyJeans" time="0.059"/>
  <testcase classname="tests.FindBugsPageTest" name="testCheckoutNowNavigation" time="3.068"/>
  <testcase classname="tests.FindBugsPageTest" name="testSelectOptionsFallCoat" time="2.48"/>
  <testcase classname="tests.FindBugsPageTest" name="testDefaultSortOptionSelected" time="0.017"/>
  <testcase classname="tests.FindBugsPageTest" name="testSortPriceLowToHigh" time="2.387"/>
  <testcase classname="tests.FindBugsPageTest" name="testSortPriceHighToLow" time="2.187"/>
  <testcase classname="tests.FindBugsPageTest" name="testSortTitleAToZ" time="2.214"/>
  <testcase classname="tests.FindBugsPageTest" name="testView10LimitsProducts" time="0.056">
    <failure type="java.lang.AssertionError" message="Product count should be 10 or fewer. Actual: 18 expected [true] but found [false]">
      <![CDATA[java.lang.AssertionError: Product count should be 10 or fewer. Actual: 18 expected [true] but found [false]
at tests.FindBugsPageTest.testView10LimitsProducts(FindBugsPageTest.java:174)
at java.base/java.util.ArrayList.forEach(ArrayList.java:1596)
... Removed 28 stack frames]]>
    </failure>
  </testcase> <!-- testView10LimitsProducts -->
  <testcase classname="tests.FindBugsPageTest" name="testView25ShowsAllProducts" time="0.049"/>
  <testcase classname="tests.FindBugsPageTest" name="testView50ShowsAllProducts" time="0.049"/>
  <testcase classname="tests.FindBugsPageTest" name="testClickProductOpensDetailPage" time="1.473"/>
  <testcase classname="tests.FindBugsPageTest" name="testProductDetailPriceMatchesListing" time="1.883"/>
  <testcase classname="tests.FindBugsPageTest" name="testLoginFromCart" time="2.743"/>
  <testcase classname="tests.FindBugsPageTest" name="testMobileViewport" time="0.433"/>
  <testcase classname="tests.FindBugsPageTest" name="testTabletViewport" time="0.419"/>
  <testcase classname="tests.FindBugsPageTest" name="testCheckoutNavigation" time="6.543"/>
</testsuite> <!-- Test -->
