<?xml version="1.0" encoding="UTF-8"?>
<testng-results ignored="0" total="12" passed="12" failed="0" skipped="0">
  <reporter-output>
  </reporter-output>
  <suite started-at="2026-03-08T22:43:34 IST" name="Suite" finished-at="2026-03-08T22:44:59 IST" duration-ms="85195">
    <groups>
    </groups>
    <test started-at="2026-03-08T22:43:34 IST" name="Test" finished-at="2026-03-08T22:44:59 IST" duration-ms="85195">
      <class name="tests.ExampleOfBugsPageTest">
        <test-method is-config="true" signature="setup()[pri:0, instance:tests.ExampleOfBugsPageTest@3bf7ca37]" started-at="2026-03-08T22:44:19 IST" name="setup" finished-at="2026-03-08T22:44:23 IST" duration-ms="3987" status="PASS">
          <reporter-output>
          </reporter-output>
        </test-method> <!-- setup -->
        <test-method is-config="true" signature="setUp()[pri:0, instance:tests.ExampleOfBugsPageTest@3bf7ca37]" started-at="2026-03-08T22:44:23 IST" name="setUp" finished-at="2026-03-08T22:44:23 IST" duration-ms="76" status="PASS">
          <reporter-output>
          </reporter-output>
        </test-method> <!-- setUp -->
        <test-method signature="testSocialShareTile()[pri:1, instance:tests.ExampleOfBugsPageTest@3bf7ca37]" started-at="2026-03-08T22:44:23 IST" name="testSocialShareTile" finished-at="2026-03-08T22:44:26 IST" duration-ms="3171" status="PASS">
          <reporter-output>
          </reporter-output>
        </test-method> <!-- testSocialShareTile -->
        <test-method is-config="true" signature="setUp()[pri:0, instance:tests.ExampleOfBugsPageTest@3bf7ca37]" started-at="2026-03-08T22:44:26 IST" name="setUp" finished-at="2026-03-08T22:44:31 IST" duration-ms="5017" status="PASS">
          <reporter-output>
          </reporter-output>
        </test-method> <!-- setUp -->
        <test-method signature="testSendButtonTile()[pri:2, instance:tests.ExampleOfBugsPageTest@3bf7ca37]" started-at="2026-03-08T22:44:31 IST" name="testSendButtonTile" finished-at="2026-03-08T22:44:34 IST" duration-ms="3109" status="PASS">
          <reporter-output>
          </reporter-output>
        </test-method> <!-- testSendButtonTile -->
        <test-method is-config="true" signature="setUp()[pri:0, instance:tests.ExampleOfBugsPageTest@3bf7ca37]" started-at="2026-03-08T22:44:34 IST" name="setUp" finished-at="2026-03-08T22:44:39 IST" duration-ms="5071" status="PASS">
          <reporter-output>
          </reporter-output>
        </test-method> <!-- setUp -->
        <test-method signature="testVideoPlayerTile()[pri:3, instance:tests.ExampleOfBugsPageTest@3bf7ca37]" started-at="2026-03-08T22:44:39 IST" name="testVideoPlayerTile" finished-at="2026-03-08T22:44:42 IST" duration-ms="3108" status="PASS">
          <reporter-output>
          </reporter-output>
        </test-method> <!-- testVideoPlayerTile -->
        <test-method is-config="true" signature="setUp()[pri:0, instance:tests.ExampleOfBugsPageTest@3bf7ca37]" started-at="2026-03-08T22:44:42 IST" name="setUp" finished-at="2026-03-08T22:44:47 IST" duration-ms="5020" status="PASS">
          <reporter-output>
          </reporter-output>
        </test-method> <!-- setUp -->
        <test-method signature="testArticlesErrorTile()[pri:4, instance:tests.ExampleOfBugsPageTest@3bf7ca37]" started-at="2026-03-08T22:44:47 IST" name="testArticlesErrorTile" finished-at="2026-03-08T22:44:48 IST" duration-ms="600" status="PASS">
          <reporter-output>
          </reporter-output>
        </test-method> <!-- testArticlesErrorTile -->
        <test-method is-config="true" signature="setUp()[pri:0, instance:tests.ExampleOfBugsPageTest@3bf7ca37]" started-at="2026-03-08T22:44:48 IST" name="setUp" finished-at="2026-03-08T22:44:53 IST" duration-ms="5025" status="PASS">
          <reporter-output>
          </reporter-output>
        </test-method> <!-- setUp -->
        <test-method signature="testSearchErrorTile()[pri:5, instance:tests.ExampleOfBugsPageTest@3bf7ca37]" started-at="2026-03-08T22:44:53 IST" name="testSearchErrorTile" finished-at="2026-03-08T22:44:53 IST" duration-ms="599" status="PASS">
          <reporter-output>
          </reporter-output>
        </test-method> <!-- testSearchErrorTile -->
        <test-method is-config="true" signature="setUp()[pri:0, instance:tests.ExampleOfBugsPageTest@3bf7ca37]" started-at="2026-03-08T22:44:53 IST" name="setUp" finished-at="2026-03-08T22:44:58 IST" duration-ms="5016" status="PASS">
          <reporter-output>
          </reporter-output>
        </test-method> <!-- setUp -->
        <test-method signature="testBookingTile()[pri:6, instance:tests.ExampleOfBugsPageTest@3bf7ca37]" started-at="2026-03-08T22:44:58 IST" name="testBookingTile" finished-at="2026-03-08T22:44:59 IST" duration-ms="594" status="PASS">
          <reporter-output>
          </reporter-output>
        </test-method> <!-- testBookingTile -->
        <test-method is-config="true" signature="teardown()[pri:0, instance:tests.ExampleOfBugsPageTest@3bf7ca37]" started-at="2026-03-08T22:44:59 IST" name="teardown" finished-at="2026-03-08T22:44:59 IST" duration-ms="145" status="PASS">
          <reporter-output>
          </reporter-output>
        </test-method> <!-- teardown -->
      </class> <!-- tests.ExampleOfBugsPageTest -->
      <class name="tests.HeaderPageTest">
        <test-method is-config="true" signature="setup()[pri:0, instance:tests.HeaderPageTest@3eb25e1a]" started-at="2026-03-08T22:43:34 IST" name="setup" finished-at="2026-03-08T22:43:42 IST" duration-ms="7539" status="PASS">
          <reporter-output>
          </reporter-output>
        </test-method> <!-- setup -->
        <test-method is-config="true" signature="pageSetup()[pri:0, instance:tests.HeaderPageTest@3eb25e1a]" started-at="2026-03-08T22:43:42 IST" name="pageSetup" finished-at="2026-03-08T22:43:42 IST" duration-ms="65" status="PASS">
          <reporter-output>
          </reporter-output>
        </test-method> <!-- pageSetup -->
        <test-method signature="testAcademyBugsLink()[pri:0, instance:tests.HeaderPageTest@3eb25e1a]" started-at="2026-03-08T22:43:42 IST" name="testAcademyBugsLink" finished-at="2026-03-08T22:43:42 IST" duration-ms="237" status="PASS">
          <reporter-output>
          </reporter-output>
        </test-method> <!-- testAcademyBugsLink -->
        <test-method is-config="true" signature="pageSetup()[pri:0, instance:tests.HeaderPageTest@3eb25e1a]" started-at="2026-03-08T22:43:42 IST" name="pageSetup" finished-at="2026-03-08T22:43:47 IST" duration-ms="5026" status="PASS">
          <reporter-output>
          </reporter-output>
        </test-method> <!-- pageSetup -->
        <test-method signature="testExamplesOfBugsLink()[pri:0, instance:tests.HeaderPageTest@3eb25e1a]" started-at="2026-03-08T22:43:47 IST" name="testExamplesOfBugsLink" finished-at="2026-03-08T22:43:47 IST" duration-ms="161" status="PASS">
          <reporter-output>
          </reporter-output>
        </test-method> <!-- testExamplesOfBugsLink -->
        <test-method is-config="true" signature="pageSetup()[pri:0, instance:tests.HeaderPageTest@3eb25e1a]" started-at="2026-03-08T22:43:47 IST" name="pageSetup" finished-at="2026-03-08T22:43:52 IST" duration-ms="5052" status="PASS">
          <reporter-output>
          </reporter-output>
        </test-method> <!-- pageSetup -->
        <test-method signature="testFindBugsLink()[pri:0, instance:tests.HeaderPageTest@3eb25e1a]" started-at="2026-03-08T22:43:52 IST" name="testFindBugsLink" finished-at="2026-03-08T22:44:01 IST" duration-ms="9072" status="PASS">
          <reporter-output>
          </reporter-output>
        </test-method> <!-- testFindBugsLink -->
        <test-method is-config="true" signature="pageSetup()[pri:0, instance:tests.HeaderPageTest@3eb25e1a]" started-at="2026-03-08T22:44:01 IST" name="pageSetup" finished-at="2026-03-08T22:44:06 IST" duration-ms="5049" status="PASS">
          <reporter-output>
          </reporter-output>
        </test-method> <!-- pageSetup -->
        <test-method signature="testHelpIconVisibilityAndClick()[pri:0, instance:tests.HeaderPageTest@3eb25e1a]" started-at="2026-03-08T22:44:06 IST" name="testHelpIconVisibilityAndClick" finished-at="2026-03-08T22:44:07 IST" duration-ms="620" status="PASS">
          <reporter-output>
          </reporter-output>
        </test-method> <!-- testHelpIconVisibilityAndClick -->
        <test-method is-config="true" signature="pageSetup()[pri:0, instance:tests.HeaderPageTest@3eb25e1a]" started-at="2026-03-08T22:44:07 IST" name="pageSetup" finished-at="2026-03-08T22:44:07 IST" duration-ms="41" status="PASS">
          <reporter-output>
          </reporter-output>
        </test-method> <!-- pageSetup -->
        <test-method signature="testReportBugsLink()[pri:0, instance:tests.HeaderPageTest@3eb25e1a]" started-at="2026-03-08T22:44:07 IST" name="testReportBugsLink" finished-at="2026-03-08T22:44:11 IST" duration-ms="4534" status="PASS">
          <reporter-output>
          </reporter-output>
        </test-method> <!-- testReportBugsLink -->
        <test-method is-config="true" signature="pageSetup()[pri:0, instance:tests.HeaderPageTest@3eb25e1a]" started-at="2026-03-08T22:44:11 IST" name="pageSetup" finished-at="2026-03-08T22:44:17 IST" duration-ms="5060" status="PASS">
          <reporter-output>
          </reporter-output>
        </test-method> <!-- pageSetup -->
        <test-method signature="testTypesOfBugsLink()[pri:0, instance:tests.HeaderPageTest@3eb25e1a]" started-at="2026-03-08T22:44:17 IST" name="testTypesOfBugsLink" finished-at="2026-03-08T22:44:19 IST" duration-ms="1993" status="PASS">
          <reporter-output>
          </reporter-output>
        </test-method> <!-- testTypesOfBugsLink -->
        <test-method is-config="true" signature="teardown()[pri:0, instance:tests.HeaderPageTest@3eb25e1a]" started-at="2026-03-08T22:44:19 IST" name="teardown" finished-at="2026-03-08T22:44:19 IST" duration-ms="163" status="PASS">
          <reporter-output>
          </reporter-output>
        </test-method> <!-- teardown -->
      </class> <!-- tests.HeaderPageTest -->
    </test> <!-- Test -->
  </suite> <!-- Suite -->
</testng-results>
