<?xml version="1.0" encoding="UTF-8"?>
<!-- Generated by org.testng.reporters.JUnitReportReporter -->
<testsuite hostname="AMEEN" failures="0" tests="6" name="tests.HeaderPageTest" time="49.811" errors="0" timestamp="2026-03-18T00:25:43 IST" skipped="0">
  <testcase classname="tests.HeaderPageTest" name="testHelpIconVisibilityAndClick" time="10.752"/>
  <testcase classname="tests.HeaderPageTest" name="testAcademyBugsLink" time="5.419"/>
  <testcase classname="tests.HeaderPageTest" name="testExamplesOfBugsLink" time="5.214"/>
  <testcase classname="tests.HeaderPageTest" name="testReportBugsLink" time="17.464"/>
  <testcase classname="tests.HeaderPageTest" name="testTypesOfBugsLink" time="1.729"/>
  <testcase classname="tests.HeaderPageTest" name="testFindBugsLink" time="9.233"/>
</testsuite> <!-- tests.HeaderPageTest -->
