<?xml version="1.0" encoding="UTF-8"?>
<!-- Generated by org.testng.reporters.JUnitReportReporter -->
<testsuite hostname="AMEEN" failures="1" tests="26" name="tests.FindBugsPageTest" time="163.573" errors="0" timestamp="2026-03-22T10:27:26 IST" skipped="0">
  <testcase classname="tests.FindBugsPageTest" name="testPageLoadsSuccessfully" time="5.125"/>
  <testcase classname="tests.FindBugsPageTest" name="testPageSubtitle" time="5.113"/>
  <testcase classname="tests.FindBugsPageTest" name="testEighteenProductsDisplayed" time="5.118"/>
  <testcase classname="tests.FindBugsPageTest" name="testResultsCountLabel" time="5.173"/>
  <testcase classname="tests.FindBugsPageTest" name="testAllProductImagesLoad" time="5.205"/>
  <testcase classname="tests.FindBugsPageTest" name="testDenimCoatImageDomain" time="5.174"/>
  <testcase classname="tests.FindBugsPageTest" name="testAllProductsHavePrice" time="5.176"/>
  <testcase classname="tests.FindBugsPageTest" name="testDarkBlueDenimJeansLoginPricing" time="5.133"/>
  <testcase classname="tests.FindBugsPageTest" name="testBlueHoodieSalePrice" time="8.838"/>
  <testcase classname="tests.FindBugsPageTest" name="testAddToCartDnkYellowShoes" time="5.178"/>
  <testcase classname="tests.FindBugsPageTest" name="testAddToCartDarkGreyJeans" time="5.206"/>
  <testcase classname="tests.FindBugsPageTest" name="testCheckoutNowNavigation" time="8.174"/>
  <testcase classname="tests.FindBugsPageTest" name="testSelectOptionsFallCoat" time="7.647"/>
  <testcase classname="tests.FindBugsPageTest" name="testDefaultSortOptionSelected" time="5.151"/>
  <testcase classname="tests.FindBugsPageTest" name="testSortPriceLowToHigh" time="7.519"/>
  <testcase classname="tests.FindBugsPageTest" name="testSortPriceHighToLow" time="7.350"/>
  <testcase classname="tests.FindBugsPageTest" name="testSortTitleAToZ" time="7.369"/>
  <testcase classname="tests.FindBugsPageTest" name="testView10LimitsProducts" time="5.159">
    <failure message="Product count should be 10 or fewer. Actual: 18 expected [true] but found [false]" type="java.lang.AssertionError">
      <![CDATA[java.lang.AssertionError: Product count should be 10 or fewer. Actual: 18 expected [true] but found [false]
at org.testng.Assert.fail(Assert.java:111)
at org.testng.Assert.failNotEquals(Assert.java:1590)
at org.testng.Assert.assertTrue(Assert.java:57)
at tests.FindBugsPageTest.testView10LimitsProducts(FindBugsPageTest.java:174)
at java.base/jdk.internal.reflect.DirectMethodHandleAccessor.invoke(DirectMethodHandleAccessor.java:103)
at java.base/java.lang.reflect.Method.invoke(Method.java:580)
at org.testng.internal.invokers.MethodInvocationHelper.invokeMethod(MethodInvocationHelper.java:141)
at org.testng.internal.invokers.TestInvoker.invokeMethod(TestInvoker.java:697)
at org.testng.internal.invokers.TestInvoker.invokeTestMethod(TestInvoker.java:230)
at org.testng.internal.invokers.MethodRunner.runInSequence(MethodRunner.java:63)
at org.testng.internal.invokers.TestInvoker$MethodInvocationAgent.invoke(TestInvoker.java:1005)
at org.testng.internal.invokers.TestInvoker.invokeTestMethods(TestInvoker.java:203)
at org.testng.internal.invokers.TestMethodWorker.invokeTestMethods(TestMethodWorker.java:154)
at org.testng.internal.invokers.TestMethodWorker.run(TestMethodWorker.java:134)
at java.base/java.util.ArrayList.forEach(ArrayList.java:1596)
at org.testng.TestRunner.privateRun(TestRunner.java:744)
at org.testng.TestRunner.run(TestRunner.java:616)
at org.testng.SuiteRunner.runTest(SuiteRunner.java:421)
at org.testng.SuiteRunner.runSequentially(SuiteRunner.java:413)
at org.testng.SuiteRunner.privateRun(SuiteRunner.java:373)
at org.testng.SuiteRunner.run(SuiteRunner.java:312)
at org.testng.SuiteRunnerWorker.runSuite(SuiteRunnerWorker.java:52)
at org.testng.SuiteRunnerWorker.run(SuiteRunnerWorker.java:95)
at org.testng.TestNG.runSuitesSequentially(TestNG.java:1274)
at org.testng.TestNG.runSuitesLocally(TestNG.java:1208)
at org.testng.TestNG.runSuites(TestNG.java:1112)
at org.testng.TestNG.run(TestNG.java:1079)
at org.testng.remote.AbstractRemoteTestNG.run(AbstractRemoteTestNG.java:115)
at org.testng.remote.RemoteTestNG.initAndRun(RemoteTestNG.java:293)
at org.testng.remote.RemoteTestNG.main(RemoteTestNG.java:91)
]]>
    </failure>
  </testcase> <!-- testView10LimitsProducts -->
  <testcase classname="tests.FindBugsPageTest" name="testView25ShowsAllProducts" time="5.170"/>
  <testcase classname="tests.FindBugsPageTest" name="testView50ShowsAllProducts" time="5.182"/>
  <testcase classname="tests.FindBugsPageTest" name="testClickProductOpensDetailPage" time="6.589"/>
  <testcase classname="tests.FindBugsPageTest" name="testProductDetailPriceMatchesListing" time="7.047"/>
  <testcase classname="tests.FindBugsPageTest" name="testLoginFromCart" time="7.930"/>
  <testcase classname="tests.FindBugsPageTest" name="testMobileViewport" time="5.538"/>
  <testcase classname="tests.FindBugsPageTest" name="testTabletViewport" time="5.561"/>
  <testcase classname="tests.FindBugsPageTest" name="testCheckoutNavigation" time="11.748"/>
</testsuite> <!-- tests.FindBugsPageTest -->
