<?xml version="1.0" encoding="UTF-8"?>
<!-- Generated by org.testng.reporters.JUnitReportReporter -->
<testsuite hostname="AMEEN" failures="0" tests="6" name="tests.ExampleOfBugsPageTest" time="36.406" errors="0" timestamp="2026-03-08T22:44:59 IST" skipped="0">
  <testcase classname="tests.ExampleOfBugsPageTest" name="testSocialShareTile" time="3.247"/>
  <testcase classname="tests.ExampleOfBugsPageTest" name="testSendButtonTile" time="8.126"/>
  <testcase classname="tests.ExampleOfBugsPageTest" name="testVideoPlayerTile" time="8.133"/>
  <testcase classname="tests.ExampleOfBugsPageTest" name="testArticlesErrorTile" time="5.620"/>
  <testcase classname="tests.ExampleOfBugsPageTest" name="testSearchErrorTile" time="5.615"/>
  <testcase classname="tests.ExampleOfBugsPageTest" name="testBookingTile" time="5.665"/>
</testsuite> <!-- tests.ExampleOfBugsPageTest -->
