<?xml version="1.0" encoding="UTF-8"?>
<!-- Generated by org.testng.reporters.JUnitReportReporter -->
<testsuite hostname="AMEEN" failures="1" tests="23" name="tests.ReportBugsPageTest" time="138.778" errors="0" timestamp="2026-03-22T22:59:01 IST" skipped="0">
  <testcase classname="tests.ReportBugsPageTest" name="testPageLoadsSuccessfully" time="5.192"/>
  <testcase classname="tests.ReportBugsPageTest" name="testPageTitle" time="5.184"/>
  <testcase classname="tests.ReportBugsPageTest" name="testPageSubtitleText" time="5.227"/>
  <testcase classname="tests.ReportBugsPageTest" name="testReportBugsNavIsActive" time="5.187"/>
  <testcase classname="tests.ReportBugsPageTest" name="testProgressTrackerVisible" time="5.219"/>
  <testcase classname="tests.ReportBugsPageTest" name="testOnlyBug1AccessibleOnLoad" time="5.244"/>
  <testcase classname="tests.ReportBugsPageTest" name="testImportantNoteDisplayed" time="5.209"/>
  <testcase classname="tests.ReportBugsPageTest" name="testBug1InstructionsDisplayed" time="5.202"/>
  <testcase classname="tests.ReportBugsPageTest" name="testBug1IssueTitleDropdownOptions" time="5.261"/>
  <testcase classname="tests.ReportBugsPageTest" name="testBug1IssueTypeDropdownOptions" time="5.441"/>
  <testcase classname="tests.ReportBugsPageTest" name="testBug1FrequencyOptions" time="5.307"/>
  <testcase classname="tests.ReportBugsPageTest" name="testBug1PriorityOptions" time="5.270"/>
  <testcase classname="tests.ReportBugsPageTest" name="testBug1ActionPerformedSectionPresent" time="5.208"/>
  <testcase classname="tests.ReportBugsPageTest" name="testBug1ExpectedResultOptions" time="5.204"/>
  <testcase classname="tests.ReportBugsPageTest" name="testBug1ActualResultOptions" time="5.238"/>
  <testcase classname="tests.ReportBugsPageTest" name="testBug1ErrorMessageOptions" time="7.753"/>
  <testcase classname="tests.ReportBugsPageTest" name="testBug1AttachmentsSectionPresent" time="5.260"/>
  <testcase classname="tests.ReportBugsPageTest" name="testBug1SubmitButtonPresent" time="5.211"/>
  <testcase classname="tests.ReportBugsPageTest" name="testBug1FullReportFlow" time="19.656"/>
  <testcase classname="tests.ReportBugsPageTest" name="testBug1EmptyFieldValidation" time="5.261"/>
  <testcase classname="tests.ReportBugsPageTest" name="testBug1WrongTitleFails" time="5.817">
    <failure message="Form should NOT pass with an incorrect Issue Title expected [false] but found [true]" type="java.lang.AssertionError">
      <![CDATA[java.lang.AssertionError: Form should NOT pass with an incorrect Issue Title expected [false] but found [true]
at org.testng.Assert.fail(Assert.java:111)
at org.testng.Assert.failNotEquals(Assert.java:1590)
at org.testng.Assert.assertFalse(Assert.java:79)
at tests.ReportBugsPageTest.testBug1WrongTitleFails(ReportBugsPageTest.java:246)
at java.base/jdk.internal.reflect.DirectMethodHandleAccessor.invoke(DirectMethodHandleAccessor.java:103)
at java.base/java.lang.reflect.Method.invoke(Method.java:580)
at org.testng.internal.invokers.MethodInvocationHelper.invokeMethod(MethodInvocationHelper.java:141)
at org.testng.internal.invokers.TestInvoker.invokeMethod(TestInvoker.java:697)
at org.testng.internal.invokers.TestInvoker.invokeTestMethod(TestInvoker.java:230)
at org.testng.internal.invokers.MethodRunner.runInSequence(MethodRunner.java:63)
at org.testng.internal.invokers.TestInvoker$MethodInvocationAgent.invoke(TestInvoker.java:1005)
at org.testng.internal.invokers.TestInvoker.invokeTestMethods(TestInvoker.java:203)
at org.testng.internal.invokers.TestMethodWorker.invokeTestMethods(TestMethodWorker.java:154)
at org.testng.internal.invokers.TestMethodWorker.run(TestMethodWorker.java:134)
at java.base/java.util.ArrayList.forEach(ArrayList.java:1596)
at org.testng.TestRunner.privateRun(TestRunner.java:744)
at org.testng.TestRunner.run(TestRunner.java:616)
at org.testng.SuiteRunner.runTest(SuiteRunner.java:421)
at org.testng.SuiteRunner.runSequentially(SuiteRunner.java:413)
at org.testng.SuiteRunner.privateRun(SuiteRunner.java:373)
at org.testng.SuiteRunner.run(SuiteRunner.java:312)
at org.testng.SuiteRunnerWorker.runSuite(SuiteRunnerWorker.java:52)
at org.testng.SuiteRunnerWorker.run(SuiteRunnerWorker.java:95)
at org.testng.TestNG.runSuitesSequentially(TestNG.java:1274)
at org.testng.TestNG.runSuitesLocally(TestNG.java:1208)
at org.testng.TestNG.runSuites(TestNG.java:1112)
at org.testng.TestNG.run(TestNG.java:1079)
at org.testng.remote.AbstractRemoteTestNG.run(AbstractRemoteTestNG.java:115)
at org.testng.remote.RemoteTestNG.initAndRun(RemoteTestNG.java:293)
at org.testng.remote.RemoteTestNG.main(RemoteTestNG.java:91)
]]>
    </failure>
  </testcase> <!-- testBug1WrongTitleFails -->
  <testcase classname="tests.ReportBugsPageTest" name="testMobileViewport" time="5.623"/>
  <testcase classname="tests.ReportBugsPageTest" name="testTabletViewport" time="5.604"/>
</testsuite> <!-- tests.ReportBugsPageTest -->
