<?xml version="1.0" encoding="UTF-8"?>
<!-- Generated by org.testng.reporters.JUnitReportReporter -->
<testsuite hostname="AMEEN" failures="0" tests="17" name="tests.TypesOfBugsPageTest" time="110.594" errors="1" timestamp="2026-03-22T10:27:26 IST" skipped="0">
  <testcase classname="tests.TypesOfBugsPageTest" name="testPageLoadsSuccessfully" time="5.170"/>
  <testcase classname="tests.TypesOfBugsPageTest" name="testPageTitle" time="5.436"/>
  <testcase classname="tests.TypesOfBugsPageTest" name="testPageSubtitle" time="5.159"/>
  <testcase classname="tests.TypesOfBugsPageTest" name="testTypesOfBugsNavIsActive" time="5.154"/>
  <testcase classname="tests.TypesOfBugsPageTest" name="testAllFiveBugCategoryCardsDisplayed" time="5.204"/>
  <testcase classname="tests.TypesOfBugsPageTest" name="testFunctionalCard" time="5.140"/>
  <testcase classname="tests.TypesOfBugsPageTest" name="testVisualCard" time="5.190"/>
  <testcase classname="tests.TypesOfBugsPageTest" name="testContentCard" time="5.137"/>
  <testcase classname="tests.TypesOfBugsPageTest" name="testPerformanceCard" time="5.136"/>
  <testcase classname="tests.TypesOfBugsPageTest" name="testCrashCard" time="5.174"/>
  <testcase classname="tests.TypesOfBugsPageTest" name="testTermsAndConditionsLink" time="8.642"/>
  <testcase classname="tests.TypesOfBugsPageTest" name="testPrivacyPolicyLink" time="6.542"/>
  <testcase classname="tests.TypesOfBugsPageTest" name="testMobileViewport" time="6.615"/>
  <testcase classname="tests.TypesOfBugsPageTest" name="testTabletViewport" time="5.549"/>
  <testcase classname="tests.TypesOfBugsPageTest" name="clickFunctionalCard" time="6.223"/>
  <testcase classname="tests.TypesOfBugsPageTest" name="testFunctionalCardWindowHandling" time="8.132"/>
  <testcase classname="tests.TypesOfBugsPageTest" name="testVisualCardWindowHandling" time="16.991">
    <error message="Expected condition failed: waiting for visibility of element found by By.xpath: (//h5[normalize-space()=&#039;Articles&#039;])[1], but... org.openqa.selenium.NoSuchElementException: no such element: Unable to locate element: {&quot;method&quot;:&quot;xpath&quot;,&quot;selector&quot;:&quot;(//h5[normalize-space()=&#039;Articles&#039;])[1]&quot;}.
(tried for 10 seconds with 500 milliseconds interval)
Build info: version: &#039;4.41.0&#039;, revision: &#039;9fc754f&#039;
System info: os.name: &#039;Windows 11&#039;, os.arch: &#039;amd64&#039;, os.version: &#039;10.0&#039;, java.version: &#039;21.0.9&#039;
Driver info: org.openqa.selenium.chrome.ChromeDriver
Capabilities {acceptInsecureCerts: false, browserName: chrome, browserVersion: 146.0.7680.80, chrome: {chromedriverVersion: 146.0.7680.153 (85fd829a1b2..., userDataDir: C:\Users\ameen\AppData\Loca...}, fedcm:accounts: true, goog:chromeOptions: {debuggerAddress: localhost:52823}, goog:processID: 23528, networkConnectionEnabled: false, pageLoadStrategy: normal, platformName: windows, proxy: Proxy(), se:cdp: ws://localhost:52823/devtoo..., se:cdpVersion: 146.0.7680.80, setWindowRect: true, strictFileInteractability: false, timeouts: {implicit: 0, pageLoad: 300000, script: 30000}, unhandledPromptBehavior: dismiss and notify, webauthn:extension:credBlob: true, webauthn:extension:largeBlob: true, webauthn:extension:minPinLength: true, webauthn:extension:prf: true, webauthn:virtualAuthenticators: true}
Session ID: f64658a3ab200e348aecc79207157f57" type="org.openqa.selenium.TimeoutException">
      <![CDATA[org.openqa.selenium.TimeoutException: Expected condition failed: waiting for visibility of element found by By.xpath: (//h5[normalize-space()='Articles'])[1], but... org.openqa.selenium.NoSuchElementException: no such element: Unable to locate element: {"method":"xpath","selector":"(//h5[normalize-space()='Articles'])[1]"}.
(tried for 10 seconds with 500 milliseconds interval)
Build info: version: '4.41.0', revision: '9fc754f'
System info: os.name: 'Windows 11', os.arch: 'amd64', os.version: '10.0', java.version: '21.0.9'
Driver info: org.openqa.selenium.chrome.ChromeDriver
Capabilities {acceptInsecureCerts: false, browserName: chrome, browserVersion: 146.0.7680.80, chrome: {chromedriverVersion: 146.0.7680.153 (85fd829a1b2..., userDataDir: C:\Users\ameen\AppData\Loca...}, fedcm:accounts: true, goog:chromeOptions: {debuggerAddress: localhost:52823}, goog:processID: 23528, networkConnectionEnabled: false, pageLoadStrategy: normal, platformName: windows, proxy: Proxy(), se:cdp: ws://localhost:52823/devtoo..., se:cdpVersion: 146.0.7680.80, setWindowRect: true, strictFileInteractability: false, timeouts: {implicit: 0, pageLoad: 300000, script: 30000}, unhandledPromptBehavior: dismiss and notify, webauthn:extension:credBlob: true, webauthn:extension:largeBlob: true, webauthn:extension:minPinLength: true, webauthn:extension:prf: true, webauthn:virtualAuthenticators: true}
Session ID: f64658a3ab200e348aecc79207157f57
at org.openqa.selenium.support.ui.WebDriverWait.timeoutException(WebDriverWait.java:85)
at org.openqa.selenium.support.ui.FluentWait.until(FluentWait.java:233)
at pages.TypesOfBugsPage.isArticlesHeadingDisplayed(TypesOfBugsPage.java:230)
at tests.TypesOfBugsPageTest.testVisualCardWindowHandling(TypesOfBugsPageTest.java:194)
at java.base/jdk.internal.reflect.DirectMethodHandleAccessor.invoke(DirectMethodHandleAccessor.java:103)
at java.base/java.lang.reflect.Method.invoke(Method.java:580)
at org.testng.internal.invokers.MethodInvocationHelper.invokeMethod(MethodInvocationHelper.java:141)
at org.testng.internal.invokers.TestInvoker.invokeMethod(TestInvoker.java:697)
at org.testng.internal.invokers.TestInvoker.invokeTestMethod(TestInvoker.java:230)
at org.testng.internal.invokers.MethodRunner.runInSequence(MethodRunner.java:63)
at org.testng.internal.invokers.TestInvoker$MethodInvocationAgent.invoke(TestInvoker.java:1005)
at org.testng.internal.invokers.TestInvoker.invokeTestMethods(TestInvoker.java:203)
at org.testng.internal.invokers.TestMethodWorker.invokeTestMethods(TestMethodWorker.java:154)
at org.testng.internal.invokers.TestMethodWorker.run(TestMethodWorker.java:134)
at java.base/java.util.ArrayList.forEach(ArrayList.java:1596)
at org.testng.TestRunner.privateRun(TestRunner.java:744)
at org.testng.TestRunner.run(TestRunner.java:616)
at org.testng.SuiteRunner.runTest(SuiteRunner.java:421)
at org.testng.SuiteRunner.runSequentially(SuiteRunner.java:413)
at org.testng.SuiteRunner.privateRun(SuiteRunner.java:373)
at org.testng.SuiteRunner.run(SuiteRunner.java:312)
at org.testng.SuiteRunnerWorker.runSuite(SuiteRunnerWorker.java:52)
at org.testng.SuiteRunnerWorker.run(SuiteRunnerWorker.java:95)
at org.testng.TestNG.runSuitesSequentially(TestNG.java:1274)
at org.testng.TestNG.runSuitesLocally(TestNG.java:1208)
at org.testng.TestNG.runSuites(TestNG.java:1112)
at org.testng.TestNG.run(TestNG.java:1079)
at org.testng.remote.AbstractRemoteTestNG.run(AbstractRemoteTestNG.java:115)
at org.testng.remote.RemoteTestNG.initAndRun(RemoteTestNG.java:293)
at org.testng.remote.RemoteTestNG.main(RemoteTestNG.java:91)
]]>
    </error>
  </testcase> <!-- testVisualCardWindowHandling -->
</testsuite> <!-- tests.TypesOfBugsPageTest -->
