<?xml version="1.0" encoding="UTF-8"?>
<!-- Generated by org.testng.reporters.JUnitReportReporter -->
<testsuite hostname="AMEEN" failures="0" tests="6" name="tests.HeaderPageTest" time="36.910" errors="0" timestamp="2026-03-08T22:44:59 IST" skipped="0">
  <testcase classname="tests.HeaderPageTest" name="testFindBugsLink" time="9.137"/>
  <testcase classname="tests.HeaderPageTest" name="testAcademyBugsLink" time="0.278"/>
  <testcase classname="tests.HeaderPageTest" name="testTypesOfBugsLink" time="7.045"/>
  <testcase classname="tests.HeaderPageTest" name="testReportBugsLink" time="9.594"/>
  <testcase classname="tests.HeaderPageTest" name="testHelpIconVisibilityAndClick" time="5.669"/>
  <testcase classname="tests.HeaderPageTest" name="testExamplesOfBugsLink" time="5.187"/>
</testsuite> <!-- tests.HeaderPageTest -->
