<?xml version="1.0" encoding="UTF-8"?>
<!-- Generated by org.testng.reporters.JUnitReportReporter -->
<testsuite hostname="AMEEN" failures="0" tests="27" name="tests.FindBugsPageTest" time="1.264" errors="1" timestamp="2026-03-18T00:25:43 IST" skipped="26">
  <testcase classname="tests.FindBugsPageTest" name="setup" time="1.264">
    <error message="no such window: target window already closed
from unknown error: web view not found
  (Session info: chrome=145.0.7632.162)
Build info: version: &#039;4.41.0&#039;, revision: &#039;9fc754f&#039;
System info: os.name: &#039;Windows 11&#039;, os.arch: &#039;amd64&#039;, os.version: &#039;10.0&#039;, java.version: &#039;21.0.9&#039;
Driver info: org.openqa.selenium.chrome.ChromeDriver
Command: [d650c6634eb61b5e78c33e3f59d95d49, executeScript {script=document.body.style.zoom=&#039;60%&#039;, args=[]}]
Capabilities {acceptInsecureCerts: false, browserName: chrome, browserVersion: 145.0.7632.162, chrome: {chromedriverVersion: 145.0.7632.117 (de4e5d6e13b..., userDataDir: C:\Users\ameen\AppData\Loca...}, fedcm:accounts: true, goog:chromeOptions: {debuggerAddress: localhost:49305}, goog:processID: 13932, networkConnectionEnabled: false, pageLoadStrategy: normal, platformName: windows, proxy: Proxy(), se:cdp: ws://localhost:49305/devtoo..., se:cdpVersion: 145.0.7632.162, setWindowRect: true, strictFileInteractability: false, timeouts: {implicit: 0, pageLoad: 300000, script: 30000}, unhandledPromptBehavior: dismiss and notify, webauthn:extension:credBlob: true, webauthn:extension:largeBlob: true, webauthn:extension:minPinLength: true, webauthn:extension:prf: true, webauthn:virtualAuthenticators: true}
Session ID: d650c6634eb61b5e78c33e3f59d95d49" type="org.openqa.selenium.NoSuchWindowException">
      <![CDATA[org.openqa.selenium.NoSuchWindowException: no such window: target window already closed
from unknown error: web view not found
  (Session info: chrome=145.0.7632.162)
Build info: version: '4.41.0', revision: '9fc754f'
System info: os.name: 'Windows 11', os.arch: 'amd64', os.version: '10.0', java.version: '21.0.9'
Driver info: org.openqa.selenium.chrome.ChromeDriver
Command: [d650c6634eb61b5e78c33e3f59d95d49, executeScript {script=document.body.style.zoom='60%', args=[]}]
Capabilities {acceptInsecureCerts: false, browserName: chrome, browserVersion: 145.0.7632.162, chrome: {chromedriverVersion: 145.0.7632.117 (de4e5d6e13b..., userDataDir: C:\Users\ameen\AppData\Loca...}, fedcm:accounts: true, goog:chromeOptions: {debuggerAddress: localhost:49305}, goog:processID: 13932, networkConnectionEnabled: false, pageLoadStrategy: normal, platformName: windows, proxy: Proxy(), se:cdp: ws://localhost:49305/devtoo..., se:cdpVersion: 145.0.7632.162, setWindowRect: true, strictFileInteractability: false, timeouts: {implicit: 0, pageLoad: 300000, script: 30000}, unhandledPromptBehavior: dismiss and notify, webauthn:extension:credBlob: true, webauthn:extension:largeBlob: true, webauthn:extension:minPinLength: true, webauthn:extension:prf: true, webauthn:virtualAuthenticators: true}
Session ID: d650c6634eb61b5e78c33e3f59d95d49
at org.openqa.selenium.remote.ErrorCodec.decode(ErrorCodec.java:169)
at org.openqa.selenium.remote.codec.w3c.W3CHttpResponseCodec.decode(W3CHttpResponseCodec.java:142)
at org.openqa.selenium.remote.codec.w3c.W3CHttpResponseCodec.decode(W3CHttpResponseCodec.java:49)
at org.openqa.selenium.remote.HttpCommandExecutor.execute(HttpCommandExecutor.java:223)
at org.openqa.selenium.remote.service.DriverCommandExecutor.invokeExecute(DriverCommandExecutor.java:216)
at org.openqa.selenium.remote.service.DriverCommandExecutor.execute(DriverCommandExecutor.java:174)
at org.openqa.selenium.remote.RemoteWebDriver.execute(RemoteWebDriver.java:604)
at org.openqa.selenium.remote.RemoteWebDriver.executeScript(RemoteWebDriver.java:535)
at base.BaseTest.setup(BaseTest.java:51)
at java.base/jdk.internal.reflect.DirectMethodHandleAccessor.invoke(DirectMethodHandleAccessor.java:103)
at java.base/java.lang.reflect.Method.invoke(Method.java:580)
at org.testng.internal.invokers.MethodInvocationHelper.invokeMethod(MethodInvocationHelper.java:141)
at org.testng.internal.invokers.MethodInvocationHelper.invokeMethodConsideringTimeout(MethodInvocationHelper.java:71)
at org.testng.internal.invokers.ConfigInvoker.invokeConfigurationMethod(ConfigInvoker.java:400)
at org.testng.internal.invokers.ConfigInvoker.invokeConfigurations(ConfigInvoker.java:333)
at org.testng.internal.invokers.TestMethodWorker.invokeBeforeClassMethods(TestMethodWorker.java:188)
at org.testng.internal.invokers.TestMethodWorker.run(TestMethodWorker.java:128)
at java.base/java.util.ArrayList.forEach(ArrayList.java:1596)
at org.testng.TestRunner.privateRun(TestRunner.java:744)
at org.testng.TestRunner.run(TestRunner.java:616)
at org.testng.SuiteRunner.runTest(SuiteRunner.java:421)
at org.testng.SuiteRunner.runSequentially(SuiteRunner.java:413)
at org.testng.SuiteRunner.privateRun(SuiteRunner.java:373)
at org.testng.SuiteRunner.run(SuiteRunner.java:312)
at org.testng.SuiteRunnerWorker.runSuite(SuiteRunnerWorker.java:52)
at org.testng.SuiteRunnerWorker.run(SuiteRunnerWorker.java:95)
at org.testng.TestNG.runSuitesSequentially(TestNG.java:1274)
at org.testng.TestNG.runSuitesLocally(TestNG.java:1208)
at org.testng.TestNG.runSuites(TestNG.java:1112)
at org.testng.TestNG.run(TestNG.java:1079)
at org.testng.remote.AbstractRemoteTestNG.run(AbstractRemoteTestNG.java:115)
at org.testng.remote.RemoteTestNG.initAndRun(RemoteTestNG.java:293)
at org.testng.remote.RemoteTestNG.main(RemoteTestNG.java:91)
]]>
    </error>
  </testcase> <!-- setup -->
  <testcase classname="tests.FindBugsPageTest" name="testPageLoadsSuccessfully" time="0.000">
    <skipped/>
  </testcase> <!-- testPageLoadsSuccessfully -->
  <testcase classname="tests.FindBugsPageTest" name="testPageSubtitle" time="0.000">
    <skipped/>
  </testcase> <!-- testPageSubtitle -->
  <testcase classname="tests.FindBugsPageTest" name="testEighteenProductsDisplayed" time="0.000">
    <skipped/>
  </testcase> <!-- testEighteenProductsDisplayed -->
  <testcase classname="tests.FindBugsPageTest" name="testResultsCountLabel" time="0.000">
    <skipped/>
  </testcase> <!-- testResultsCountLabel -->
  <testcase classname="tests.FindBugsPageTest" name="testAllProductImagesLoad" time="0.000">
    <skipped/>
  </testcase> <!-- testAllProductImagesLoad -->
  <testcase classname="tests.FindBugsPageTest" name="testDenimCoatImageDomain" time="0.000">
    <skipped/>
  </testcase> <!-- testDenimCoatImageDomain -->
  <testcase classname="tests.FindBugsPageTest" name="testAllProductsHavePrice" time="0.000">
    <skipped/>
  </testcase> <!-- testAllProductsHavePrice -->
  <testcase classname="tests.FindBugsPageTest" name="testDarkBlueDenimJeansLoginPricing" time="0.000">
    <skipped/>
  </testcase> <!-- testDarkBlueDenimJeansLoginPricing -->
  <testcase classname="tests.FindBugsPageTest" name="testBlueHoodieSalePrice" time="0.000">
    <skipped/>
  </testcase> <!-- testBlueHoodieSalePrice -->
  <testcase classname="tests.FindBugsPageTest" name="testAddToCartDnkYellowShoes" time="0.000">
    <skipped/>
  </testcase> <!-- testAddToCartDnkYellowShoes -->
  <testcase classname="tests.FindBugsPageTest" name="testAddToCartDarkGreyJeans" time="0.000">
    <skipped/>
  </testcase> <!-- testAddToCartDarkGreyJeans -->
  <testcase classname="tests.FindBugsPageTest" name="testCheckoutNowNavigation" time="0.000">
    <skipped/>
  </testcase> <!-- testCheckoutNowNavigation -->
  <testcase classname="tests.FindBugsPageTest" name="testSelectOptionsFallCoat" time="0.000">
    <skipped/>
  </testcase> <!-- testSelectOptionsFallCoat -->
  <testcase classname="tests.FindBugsPageTest" name="testDefaultSortOptionSelected" time="0.000">
    <skipped/>
  </testcase> <!-- testDefaultSortOptionSelected -->
  <testcase classname="tests.FindBugsPageTest" name="testSortPriceLowToHigh" time="0.000">
    <skipped/>
  </testcase> <!-- testSortPriceLowToHigh -->
  <testcase classname="tests.FindBugsPageTest" name="testSortPriceHighToLow" time="0.000">
    <skipped/>
  </testcase> <!-- testSortPriceHighToLow -->
  <testcase classname="tests.FindBugsPageTest" name="testSortTitleAToZ" time="0.000">
    <skipped/>
  </testcase> <!-- testSortTitleAToZ -->
  <testcase classname="tests.FindBugsPageTest" name="testView10LimitsProducts" time="0.000">
    <skipped/>
  </testcase> <!-- testView10LimitsProducts -->
  <testcase classname="tests.FindBugsPageTest" name="testView25ShowsAllProducts" time="0.000">
    <skipped/>
  </testcase> <!-- testView25ShowsAllProducts -->
  <testcase classname="tests.FindBugsPageTest" name="testView50ShowsAllProducts" time="0.000">
    <skipped/>
  </testcase> <!-- testView50ShowsAllProducts -->
  <testcase classname="tests.FindBugsPageTest" name="testClickProductOpensDetailPage" time="0.000">
    <skipped/>
  </testcase> <!-- testClickProductOpensDetailPage -->
  <testcase classname="tests.FindBugsPageTest" name="testProductDetailPriceMatchesListing" time="0.000">
    <skipped/>
  </testcase> <!-- testProductDetailPriceMatchesListing -->
  <testcase classname="tests.FindBugsPageTest" name="testLoginFromCart" time="0.000">
    <skipped/>
  </testcase> <!-- testLoginFromCart -->
  <testcase classname="tests.FindBugsPageTest" name="testMobileViewport" time="0.000">
    <skipped/>
  </testcase> <!-- testMobileViewport -->
  <testcase classname="tests.FindBugsPageTest" name="testTabletViewport" time="0.000">
    <skipped/>
  </testcase> <!-- testTabletViewport -->
  <testcase classname="tests.FindBugsPageTest" name="testCheckoutNavigation" time="0.000">
    <skipped/>
  </testcase> <!-- testCheckoutNavigation -->
</testsuite> <!-- tests.FindBugsPageTest -->
